[::1]:59646 - - [12/Jul/2025:17:45:26 +0200] "GET /_/hell HTTP/1.1" 404 19 "-" "curl/8.7.1"
[::1]:59647 - - [12/Jul/2025:17:45:27 +0200] "GET /_/hello HTTP/1.1" 200 13 "-" "curl/8.7.1"
[::1]:59648 - - [12/Jul/2025:17:45:28 +0200] "GET /_/hello HTTP/1.1" 200 13 "-" "curl/8.7.1"
[::1]:59776 - - [12/Jul/2025:17:53:28 +0200] "GET /_/hello HTTP/1.1" 200 13 "-" "curl/8.7.1"
[::1]:59777 - - [12/Jul/2025:17:53:28 +0200] "GET /_/hello HTTP/1.1" 200 13 "-" "curl/8.7.1"
[::1]:59779 - - [12/Jul/2025:17:53:33 +0200] "GET /_/hello HTTP/1.1" 200 13 "-" "curl/8.7.1"
[::1]:59843 - - [12/Jul/2025:17:57:27 +0200] "GET /_/hello HTTP/1.1" 200 13 "-" "curl/8.7.1"
[::1]:59846 - - [12/Jul/2025:17:57:27 +0200] "GET /_/hello HTTP/1.1" 200 13 "-" "curl/8.7.1"
[::1]:59848 - - [12/Jul/2025:17:57:27 +0200] "GET /_/hello HTTP/1.1" 200 13 "-" "curl/8.7.1"
[::1]:59849 - - [12/Jul/2025:17:57:28 +0200] "GET /_/hello HTTP/1.1" 200 13 "-" "curl/8.7.1"
[::1]:59850 - - [12/Jul/2025:17:57:28 +0200] "GET /_/hello HTTP/1.1" 200 13 "-" "curl/8.7.1"
[::1]:59851 - - [12/Jul/2025:17:57:28 +0200] "GET /_/hello HTTP/1.1" 200 13 "-" "curl/8.7.1"
[::1]:59853 - - [12/Jul/2025:17:57:32 +0200] "GET /_/hello HTTP/1.1" 200 13 "-" "curl/8.7.1"
[::1]:59855 - - [12/Jul/2025:17:57:32 +0200] "GET /_/hello HTTP/1.1" 200 13 "-" "curl/8.7.1"
[::1]:59856 - - [12/Jul/2025:17:57:33 +0200] "GET /_/hello HTTP/1.1" 200 13 "-" "curl/8.7.1"
[::1]:59900 - - [12/Jul/2025:17:59:08 +0200] "GET /_/hello HTTP/1.1" 200 13 "-" "curl/8.7.1"
[::1]:59902 - - [12/Jul/2025:17:59:09 +0200] "GET /_/hello HTTP/1.1" 200 13 "-" "curl/8.7.1"
[::1]:59908 - - [12/Jul/2025:17:59:17 +0200] "GET /_/hello HTTP/1.1" 200 13 "-" "curl/8.7.1"
[::1]:59910 - - [12/Jul/2025:17:59:18 +0200] "GET /_/hello HTTP/1.1" 200 13 "-" "curl/8.7.1"
[::1]:59911 - - [12/Jul/2025:17:59:18 +0200] "GET /_/hello HTTP/1.1" 200 13 "-" "curl/8.7.1"
[::1]:59942 - - [12/Jul/2025:17:59:55 +0200] "GET /_/hello HTTP/1.1" 200 13 "-" "curl/8.7.1"
[::1]:59945 - - [12/Jul/2025:17:59:56 +0200] "GET /_/hello HTTP/1.1" 200 13 "-" "curl/8.7.1"
[::1]:59946 - - [12/Jul/2025:17:59:56 +0200] "GET /_/hello HTTP/1.1" 200 13 "-" "curl/8.7.1"
[::1]:59947 - - [12/Jul/2025:17:59:57 +0200] "GET /_/hello HTTP/1.1" 200 13 "-" "curl/8.7.1"
[::1]:59950 - - [12/Jul/2025:17:59:58 +0200] "GET /_/hello HTTP/1.1" 200 13 "-" "curl/8.7.1"
[::1]:59951 - - [12/Jul/2025:17:59:58 +0200] "GET /_/hello HTTP/1.1" 200 13 "-" "curl/8.7.1"
[::1]:59952 - - [12/Jul/2025:17:59:59 +0200] "GET /_/hello HTTP/1.1" 200 13 "-" "curl/8.7.1"
[::1]:59953 - - [12/Jul/2025:18:00:00 +0200] "GET /_/hello HTTP/1.1" 200 13 "-" "curl/8.7.1"
[::1]:59954 - - [12/Jul/2025:18:00:00 +0200] "GET /_/hello HTTP/1.1" 200 13 "-" "curl/8.7.1"
[::1]:59957 - - [12/Jul/2025:18:00:31 +0200] "GET /_/hello HTTP/1.1" 200 13 "-" "curl/8.7.1"
[::1]:59958 - - [12/Jul/2025:18:00:32 +0200] "GET /_/hello HTTP/1.1" 200 13 "-" "curl/8.7.1"
[::1]:59959 - - [12/Jul/2025:18:00:33 +0200] "GET /_/hello HTTP/1.1" 200 13 "-" "curl/8.7.1"
[::1]:59960 - - [12/Jul/2025:18:00:34 +0200] "GET /_/hello HTTP/1.1" 200 13 "-" "curl/8.7.1"
[::1]:59961 - - [12/Jul/2025:18:00:35 +0200] "GET /_/hello HTTP/1.1" 200 13 "-" "curl/8.7.1"
[::1]:59962 - - [12/Jul/2025:18:00:35 +0200] "GET /_/hello HTTP/1.1" 200 13 "-" "curl/8.7.1"
[::1]:59963 - - [12/Jul/2025:18:00:36 +0200] "GET /_/hello HTTP/1.1" 200 13 "-" "curl/8.7.1"
[::1]:59995 - - [12/Jul/2025:18:03:03 +0200] "GET /_/hello HTTP/1.1" 200 13 "-" "curl/8.7.1"
[::1]:57478 - - [13/Jul/2025:22:28:52 +0200] "GET /_/hello HTTP/1.1" 200 13 "-" "curl/8.7.1"
[::1]:57481 - - [13/Jul/2025:22:28:53 +0200] "GET /_/hello HTTP/1.1" 200 13 "-" "curl/8.7.1"
[::1]:57743 - - [13/Jul/2025:22:35:06 +0200] "POST /api/v1/user HTTP/1.1" 400 65 "-" "HTTPie"
[::1]:57752 - - [13/Jul/2025:22:35:10 +0200] "GET /api/v1/user HTTP/1.1" 400 65 "-" "HTTPie"
[::1]:57805 - - [13/Jul/2025:22:35:49 +0200] "GET /api/v1/user HTTP/1.1" 200 3 "-" "HTTPie"
[::1]:57807 - - [13/Jul/2025:22:35:49 +0200] "GET /api/v1/user HTTP/1.1" 200 3 "-" "HTTPie"
[::1]:57851 - - [13/Jul/2025:22:36:31 +0200] "GET /api/v1/user HTTP/1.1" 200 23 "-" "HTTPie"
[::1]:60150 - - [14/Jul/2025:11:59:07 +0200] "GET /healthz HTTP/1.1" 404 19 "-" "HTTPie"
[::1]:60152 - - [14/Jul/2025:11:59:09 +0200] "GET /_/healthz HTTP/1.1" 200 2 "-" "HTTPie"
[::1]:60167 - - [14/Jul/2025:11:59:27 +0200] "GET /_/healthz HTTP/1.1" 200 2 "-" "HTTPie"
[::1]:60169 - - [14/Jul/2025:11:59:28 +0200] "GET /_/healthz HTTP/1.1" 200 2 "-" "HTTPie"
[::1]:60171 - - [14/Jul/2025:11:59:28 +0200] "GET /_/healthz HTTP/1.1" 200 2 "-" "HTTPie"
[::1]:60173 - - [14/Jul/2025:11:59:28 +0200] "GET /_/healthz HTTP/1.1" 200 2 "-" "HTTPie"
[::1]:60175 - - [14/Jul/2025:11:59:29 +0200] "GET /_/healthz HTTP/1.1" 200 2 "-" "HTTPie"
[::1]:60177 - - [14/Jul/2025:11:59:29 +0200] "GET /_/healthz HTTP/1.1" 200 2 "-" "HTTPie"
[::1]:60179 - - [14/Jul/2025:11:59:29 +0200] "GET /_/healthz HTTP/1.1" 200 2 "-" "HTTPie"
[::1]:60181 - - [14/Jul/2025:11:59:29 +0200] "GET /_/healthz HTTP/1.1" 200 2 "-" "HTTPie"
[::1]:60183 - - [14/Jul/2025:11:59:29 +0200] "GET /_/healthz HTTP/1.1" 200 2 "-" "HTTPie"
[::1]:60185 - - [14/Jul/2025:11:59:29 +0200] "GET /_/healthz HTTP/1.1" 200 2 "-" "HTTPie"
[::1]:60187 - - [14/Jul/2025:11:59:30 +0200] "GET /_/healthz HTTP/1.1" 200 2 "-" "HTTPie"
[::1]:60208 - - [14/Jul/2025:12:00:43 +0200] "GET /_/healthz HTTP/1.1" 200 2 "-" "HTTPie"
[::1]:60270 - - [14/Jul/2025:12:03:11 +0200] "GET /_/hello HTTP/1.1" 200 13 "-" "HTTPie"
[::1]:60272 - - [14/Jul/2025:12:03:14 +0200] "GET /api/v1/ip HTTP/1.1" 200 1 "-" "HTTPie"
[::1]:60310 - - [14/Jul/2025:12:04:12 +0200] "GET /api/v1/ip HTTP/1.1" 200 3 "-" "HTTPie"
